<?xml version="1.0" encoding="UTF-8"?>
<testng-results skipped="0" failed="0" ignored="0" total="1" passed="1">
  <reporter-output>
  </reporter-output>
  <suite name="Default suite" duration-ms="1871" started-at="2021-11-16T09:29:32 UTC" finished-at="2021-11-16T09:29:33 UTC">
    <groups>
    </groups>
    <test name="Default test" duration-ms="1871" started-at="2021-11-16T09:29:32 UTC" finished-at="2021-11-16T09:29:33 UTC">
      <class name="demo.Verifytitle">
        <test-method status="PASS" signature="launchApplication()[pri:0, instance:demo.Verifytitle@5ae63ade]" name="launchApplication" is-config="true" duration-ms="1633" started-at="2021-11-16T09:29:32 UTC" finished-at="2021-11-16T09:29:33 UTC">
          <reporter-output>
          </reporter-output>
        </test-method> <!-- launchApplication -->
        <test-method status="PASS" signature="titleVerification()[pri:0, instance:demo.Verifytitle@5ae63ade]" name="titleVerification" duration-ms="134" started-at="2021-11-16T09:29:33 UTC" finished-at="2021-11-16T09:29:33 UTC">
          <reporter-output>
          </reporter-output>
        </test-method> <!-- titleVerification -->
        <test-method status="PASS" signature="closeBrowser()[pri:0, instance:demo.Verifytitle@5ae63ade]" name="closeBrowser" is-config="true" duration-ms="69" started-at="2021-11-16T09:29:33 UTC" finished-at="2021-11-16T09:29:33 UTC">
          <reporter-output>
          </reporter-output>
        </test-method> <!-- closeBrowser -->
      </class> <!-- demo.Verifytitle -->
    </test> <!-- Default test -->
  </suite> <!-- Default suite -->
</testng-results>
