<?xml version="1.0" encoding="UTF-8"?>
<!-- Generated by org.testng.reporters.JUnitXMLReporter -->
<testsuite hostname="ip-172-31-84-29" ignored="0" name="Chrome Test" tests="3" failures="0" timestamp="2021-11-09T04:18:13 UTC" time="3.415" errors="0">
  <testcase name="VerifySignInbtnisEnabled" time="0.25" classname="testngdemo.CBT"/>
  <testcase name="Verifytext" time="0.047" classname="testngdemo.CBT"/>
  <testcase name="titleVerification" time="0.008" classname="testngdemo.CBT"/>
</testsuite> <!-- Chrome Test -->
