<?xml version="1.0" encoding="UTF-8"?>
<!-- Generated by org.testng.reporters.JUnitXMLReporter -->
<testsuite hostname="ip-172-31-84-29" ignored="0" name="Test" tests="5" failures="0" timestamp="2021-10-25T12:47:02 UTC" time="10.2" errors="0">
  <testcase name="titleVerification" time="0.237" classname="testngdemo.Verifytitle"/>
  <testcase name="titleVerification" time="5.282" classname="testngdemo.Explicitdemo"/>
  <testcase name="VerifySignInbtnisEnabled" time="0.023" classname="testngdemo.MultipleValidations"/>
  <testcase name="Verifytext" time="0.023" classname="testngdemo.MultipleValidations"/>
  <testcase name="titleVerification" time="0.004" classname="testngdemo.MultipleValidations"/>
</testsuite> <!-- Test -->
