<?xml version="1.0" encoding="UTF-8"?>
<testng-results skipped="0" failed="0" ignored="0" total="1" passed="1">
  <reporter-output>
  </reporter-output>
  <suite name="Default suite" duration-ms="3424" started-at="2021-11-17T10:59:50 UTC" finished-at="2021-11-17T10:59:53 UTC">
    <groups>
    </groups>
    <test name="Default test" duration-ms="3424" started-at="2021-11-17T10:59:50 UTC" finished-at="2021-11-17T10:59:53 UTC">
      <class name="testngdemo.Firefox">
        <test-method status="PASS" signature="openBrowser()[pri:0, instance:testngdemo.Firefox@10bbd20a]" name="openBrowser" duration-ms="3377" started-at="2021-11-17T10:59:50 UTC" finished-at="2021-11-17T10:59:53 UTC">
          <reporter-output>
          </reporter-output>
        </test-method> <!-- openBrowser -->
      </class> <!-- testngdemo.Firefox -->
    </test> <!-- Default test -->
  </suite> <!-- Default suite -->
</testng-results>
