<?xml version="1.0" encoding="UTF-8"?>
<!-- Generated by org.testng.reporters.JUnitXMLReporter -->
<testsuite hostname="ip-172-31-84-29" ignored="0" name="Chrome Test" tests="3" failures="0" timestamp="2021-11-17T11:13:32 UTC" time="2.022" errors="0">
  <testcase name="VerifySignInbtnisEnabled" time="0.215" classname="testngdemo.CBT"/>
  <testcase name="Verifytext" time="0.031" classname="testngdemo.CBT"/>
  <testcase name="titleVerification" time="0.008" classname="testngdemo.CBT"/>
</testsuite> <!-- Chrome Test -->
