<?xml version="1.0" encoding="UTF-8"?>
<!-- Generated by org.testng.reporters.JUnitXMLReporter -->
<testsuite hostname="ip-172-31-84-29" ignored="0" name="Firefox.Test " tests="3" failures="0" timestamp="2021-11-17T11:13:36 UTC" time="3.381" errors="0">
  <testcase name="VerifySignInbtnisEnabled" time="0.123" classname="testngdemo.CBT"/>
  <testcase name="Verifytext" time="0.107" classname="testngdemo.CBT"/>
  <testcase name="titleVerification" time="0.022" classname="testngdemo.CBT"/>
</testsuite> <!-- Firefox.Test  -->
